<?xml version="1.0" encoding="UTF-8"?>
<!-- Generated by org.testng.reporters.JUnitReportReporter -->
<testsuite hostname="Shree-PC" failures="0" tests="6" name="com.TestClass.TC_003_LoginDDT" time="86.936" errors="0" timestamp="2025-01-31T11:47:06 IST" skipped="0">
  <testcase classname="com.TestClass.TC_003_LoginDDT" name="verifyLoginDDT" time="2.456"/>
  <testcase classname="com.TestClass.TC_003_LoginDDT" name="verifyLoginDDT" time="17.025"/>
  <testcase classname="com.TestClass.TC_003_LoginDDT" name="verifyLoginDDT" time="16.907"/>
  <testcase classname="com.TestClass.TC_003_LoginDDT" name="verifyLoginDDT" time="16.824"/>
  <testcase classname="com.TestClass.TC_003_LoginDDT" name="verifyLoginDDT" time="17.052"/>
  <testcase classname="com.TestClass.TC_003_LoginDDT" name="verifyLoginDDT" time="16.672"/>
</testsuite> <!-- com.TestClass.TC_003_LoginDDT -->
