<?xml version="1.0" encoding="UTF-8"?>
<!-- Generated by org.testng.reporters.JUnitReportReporter -->
<testsuite hostname="Shree-PC" failures="0" tests="1" name="com.TestClass.PracticeTest" time="8.324" errors="0" timestamp="2025-01-19T14:07:45 IST" skipped="0">
  <testcase classname="com.TestClass.PracticeTest" name="registerUser" time="8.324"/>
</testsuite> <!-- com.TestClass.PracticeTest -->
