<?xml version="1.0" encoding="UTF-8"?>
<!-- Generated by org.testng.reporters.JUnitReportReporter -->
<testsuite hostname="Shree-PC" failures="0" tests="1" name="com.TestClass.TC_001_Registration" time="3.952" errors="0" timestamp="2025-02-03T09:09:56 IST" skipped="0">
  <testcase classname="com.TestClass.TC_001_Registration" name="registerUser" time="3.952"/>
</testsuite> <!-- com.TestClass.TC_001_Registration -->
