<?xml version="1.0" encoding="UTF-8"?>
<!-- Generated by org.testng.reporters.JUnitReportReporter -->
<testsuite hostname="Shree-PC" failures="0" tests="1" name="com.TestClass.TC_002_LoginTest" time="2.161" errors="0" timestamp="2025-02-03T09:09:56 IST" skipped="0">
  <testcase classname="com.TestClass.TC_002_LoginTest" name="validateLogin" time="2.161"/>
</testsuite> <!-- com.TestClass.TC_002_LoginTest -->
